
-----------------------------------------------------------------
  pg_upgrade run on Thu Aug 17 12:16:43 2017
-----------------------------------------------------------------

command: "/usr/local/Cellar/postgresql/9.6.1/bin/pg_ctl" -w -l "pg_upgrade_server.log" -D "/usr/local/var/postgres" -o "-p 50432 -c autovacuum=off -c autovacuum_freeze_max_age=2000000000 -c synchronous_commit=off -c fsync=off -c full_page_writes=off  -c listen_addresses='' -c unix_socket_permissions=0700" start >> "pg_upgrade_server.log" 2>&1
pg_ctl: another server might be running; trying to start server anyway
waiting for server to start....FATAL:  lock file "postmaster.pid" already exists
HINT:  Is another postmaster (PID 90766) running in data directory "/usr/local/var/postgres"?
 stopped waiting
pg_ctl: could not start server
Examine the log output.



-----------------------------------------------------------------
  pg_upgrade run on Thu Aug 17 12:17:40 2017
-----------------------------------------------------------------

command: "/usr/local/Cellar/postgresql/9.6.4/bin/pg_ctl" -w -l "pg_upgrade_server.log" -D "/usr/local/var/postgres" -o "-p 50432 -c autovacuum=off -c autovacuum_freeze_max_age=2000000000 -c synchronous_commit=off -c fsync=off -c full_page_writes=off  -c listen_addresses='' -c unix_socket_permissions=0700" start >> "pg_upgrade_server.log" 2>&1
pg_ctl: another server might be running; trying to start server anyway
waiting for server to start....FATAL:  lock file "postmaster.pid" already exists
HINT:  Is another postmaster (PID 90766) running in data directory "/usr/local/var/postgres"?
 stopped waiting
pg_ctl: could not start server
Examine the log output.


